<?xml version="1.0" encoding="UTF-8"?>
<!-- Generated by org.testng.reporters.JUnitReportReporter -->
<testsuite hostname="DESKTOP-JRJEIR3" failures="0" tests="5" name="runner.LoginRunner" time="27.861" errors="0" timestamp="2024-09-19T12:29:05 IST" skipped="0">
  <testcase classname="runner.LoginRunner" name="runScenario" time="5.358"/>
  <system-out/>
  <testcase classname="runner.LoginRunner" name="runScenario" time="7.953"/>
  <system-out/>
  <testcase classname="runner.LoginRunner" name="runScenario" time="7.139"/>
  <system-out/>
  <testcase classname="runner.LoginRunner" name="runScenario" time="4.411"/>
  <system-out/>
  <testcase classname="runner.LoginRunner" name="runScenario" time="3.000"/>
  <system-out/>
</testsuite> <!-- runner.LoginRunner -->
