<?xml version="1.0" encoding="UTF-8"?>
<!-- Generated by org.testng.reporters.JUnitReportReporter -->
<testsuite hostname="DESKTOP-JRJEIR3" failures="0" tests="4" name="runner.RegisterRunner" time="34.986" errors="0" timestamp="2024-09-19T13:01:01 IST" skipped="0">
  <testcase classname="runner.RegisterRunner" name="runScenario" time="3.547"/>
  <system-out/>
  <testcase classname="runner.RegisterRunner" name="runScenario" time="17.298"/>
  <system-out/>
  <testcase classname="runner.RegisterRunner" name="runScenario" time="6.944"/>
  <system-out/>
  <testcase classname="runner.RegisterRunner" name="runScenario" time="7.197"/>
  <system-out/>
</testsuite> <!-- runner.RegisterRunner -->
