<?xml version="1.0" encoding="UTF-8"?>
<!-- Generated by org.testng.reporters.JUnitReportReporter -->
<testsuite hostname="DESKTOP-JRJEIR3" failures="0" tests="3" name="runner.SearchRunner" time="18.518" errors="0" timestamp="2024-09-19T13:08:19 IST" skipped="0">
  <testcase classname="runner.SearchRunner" name="runScenario" time="4.770"/>
  <system-out/>
  <testcase classname="runner.SearchRunner" name="runScenario" time="4.446"/>
  <system-out/>
  <testcase classname="runner.SearchRunner" name="runScenario" time="9.302"/>
  <system-out/>
</testsuite> <!-- runner.SearchRunner -->
