<?xml version="1.0" encoding="UTF-8"?>
<!-- Generated by org.testng.reporters.JUnitReportReporter -->
<testsuite hostname="DESKTOP-JRJEIR3" failures="0" tests="13" name="runner.TestRunner" time="114.418" errors="0" timestamp="2024-09-30T14:15:37 IST" skipped="0">
  <testcase classname="runner.TestRunner" name="runScenario" time="7.352"/>
  <system-out/>
  <testcase classname="runner.TestRunner" name="runScenario" time="4.270"/>
  <system-out/>
  <testcase classname="runner.TestRunner" name="runScenario" time="4.712"/>
  <system-out/>
  <testcase classname="runner.TestRunner" name="runScenario" time="3.830"/>
  <system-out/>
  <testcase classname="runner.TestRunner" name="runScenario" time="8.354"/>
  <system-out/>
  <testcase classname="runner.TestRunner" name="runScenario" time="4.233"/>
  <system-out/>
  <testcase classname="runner.TestRunner" name="runScenario" time="14.935"/>
  <system-out/>
  <testcase classname="runner.TestRunner" name="runScenario" time="11.178"/>
  <system-out/>
  <testcase classname="runner.TestRunner" name="runScenario" time="17.706"/>
  <system-out/>
  <testcase classname="runner.TestRunner" name="runScenario" time="10.240"/>
  <system-out/>
  <testcase classname="runner.TestRunner" name="runScenario" time="9.727"/>
  <system-out/>
  <testcase classname="runner.TestRunner" name="runScenario" time="3.786"/>
  <system-out/>
  <testcase classname="runner.TestRunner" name="runScenario" time="14.095"/>
  <system-out/>
</testsuite> <!-- runner.TestRunner -->
